<?xml version="1.0" encoding="UTF-8"?>
<testsuite name="com.tavisca.testcontainersexample.controller.PersonControllerTest" tests="1" skipped="0" failures="0" errors="0" timestamp="2020-02-10T13:18:57" hostname="RENTLAPT0012" time="2.801">
  <properties/>
  <testcase name="testSpringBootContext" classname="com.tavisca.testcontainersexample.controller.PersonControllerTest" time="2.801"/>
  <system-out><![CDATA[18:47:37.010 [Test worker] DEBUG org.springframework.test.context.junit4.SpringJUnit4ClassRunner - SpringJUnit4ClassRunner constructor called with [class com.tavisca.testcontainersexample.controller.PersonControllerTest]
18:47:37.063 [Test worker] DEBUG org.springframework.test.context.BootstrapUtils - Instantiating CacheAwareContextLoaderDelegate from class [org.springframework.test.context.cache.DefaultCacheAwareContextLoaderDelegate]
18:47:37.103 [Test worker] DEBUG org.springframework.test.context.BootstrapUtils - Instantiating BootstrapContext using constructor [public org.springframework.test.context.support.DefaultBootstrapContext(java.lang.Class,org.springframework.test.context.CacheAwareContextLoaderDelegate)]
18:47:37.179 [Test worker] DEBUG org.springframework.test.context.BootstrapUtils - Instantiating TestContextBootstrapper for test class [com.tavisca.testcontainersexample.controller.PersonControllerTest] from class [org.springframework.boot.test.context.SpringBootTestContextBootstrapper]
18:47:37.283 [Test worker] DEBUG org.springframework.test.context.support.AbstractContextLoader - Did not detect default resource location for test class [com.tavisca.testcontainersexample.controller.PersonControllerTest]: class path resource [com/tavisca/testcontainersexample/controller/PersonControllerTest-context.xml] does not exist
18:47:37.287 [Test worker] DEBUG org.springframework.test.context.support.AbstractContextLoader - Did not detect default resource location for test class [com.tavisca.testcontainersexample.controller.PersonControllerTest]: class path resource [com/tavisca/testcontainersexample/controller/PersonControllerTestContext.groovy] does not exist
18:47:37.288 [Test worker] INFO org.springframework.test.context.support.AbstractContextLoader - Could not detect default resource locations for test class [com.tavisca.testcontainersexample.controller.PersonControllerTest]: no resource found for suffixes {-context.xml, Context.groovy}.
18:47:37.292 [Test worker] INFO org.springframework.test.context.support.AnnotationConfigContextLoaderUtils - Could not detect default configuration classes for test class [com.tavisca.testcontainersexample.controller.PersonControllerTest]: PersonControllerTest does not declare any static, non-private, non-final, nested classes annotated with @Configuration.
18:47:37.297 [Test worker] DEBUG org.springframework.test.context.support.AbstractContextLoader - Did not detect default resource location for test class [com.tavisca.testcontainersexample.controller.AbstractIntegrationTest]: class path resource [com/tavisca/testcontainersexample/controller/AbstractIntegrationTest-context.xml] does not exist
18:47:37.303 [Test worker] DEBUG org.springframework.test.context.support.AbstractContextLoader - Did not detect default resource location for test class [com.tavisca.testcontainersexample.controller.AbstractIntegrationTest]: class path resource [com/tavisca/testcontainersexample/controller/AbstractIntegrationTestContext.groovy] does not exist
18:47:37.306 [Test worker] INFO org.springframework.test.context.support.AbstractContextLoader - Could not detect default resource locations for test class [com.tavisca.testcontainersexample.controller.AbstractIntegrationTest]: no resource found for suffixes {-context.xml, Context.groovy}.
18:47:37.311 [Test worker] DEBUG org.springframework.test.context.support.AnnotationConfigContextLoaderUtils - Ignoring class [com.tavisca.testcontainersexample.controller.AbstractIntegrationTest$Initializer]; it must be static, non-private, non-final, and annotated with @Configuration to be considered a default configuration class.
18:47:37.314 [Test worker] INFO org.springframework.test.context.support.AnnotationConfigContextLoaderUtils - Could not detect default configuration classes for test class [com.tavisca.testcontainersexample.controller.AbstractIntegrationTest]: AbstractIntegrationTest does not declare any static, non-private, non-final, nested classes annotated with @Configuration.
18:47:37.531 [Test worker] DEBUG org.springframework.test.context.support.ActiveProfilesUtils - Could not find an 'annotation declaring class' for annotation type [org.springframework.test.context.ActiveProfiles] and class [com.tavisca.testcontainersexample.controller.PersonControllerTest]
18:47:37.993 [Test worker] DEBUG org.springframework.context.annotation.ClassPathScanningCandidateComponentProvider - Identified candidate component class: file [C:\Users\sraj\Desktop\reposetories\POC\poc-with-testcontainers\build\classes\java\main\com\tavisca\testcontainersexample\TestApplication.class]
18:47:37.998 [Test worker] INFO org.springframework.boot.test.context.SpringBootTestContextBootstrapper - Found @SpringBootConfiguration com.tavisca.testcontainersexample.TestApplication for test class com.tavisca.testcontainersexample.controller.PersonControllerTest
18:47:38.677 [Test worker] DEBUG org.springframework.boot.test.context.SpringBootTestContextBootstrapper - @TestExecutionListeners is not present for class [com.tavisca.testcontainersexample.controller.PersonControllerTest]: using defaults.
18:47:38.680 [Test worker] INFO org.springframework.boot.test.context.SpringBootTestContextBootstrapper - Loaded default TestExecutionListener class names from location [META-INF/spring.factories]: [org.springframework.boot.test.autoconfigure.restdocs.RestDocsTestExecutionListener, org.springframework.boot.test.autoconfigure.web.client.MockRestServiceServerResetTestExecutionListener, org.springframework.boot.test.autoconfigure.web.servlet.MockMvcPrintOnlyOnFailureTestExecutionListener, org.springframework.boot.test.autoconfigure.web.servlet.WebDriverTestExecutionListener, org.springframework.boot.test.mock.mockito.MockitoTestExecutionListener, org.springframework.boot.test.mock.mockito.ResetMocksTestExecutionListener, org.springframework.test.context.web.ServletTestExecutionListener, org.springframework.test.context.support.DirtiesContextBeforeModesTestExecutionListener, org.springframework.test.context.support.DependencyInjectionTestExecutionListener, org.springframework.test.context.support.DirtiesContextTestExecutionListener, org.springframework.test.context.transaction.TransactionalTestExecutionListener, org.springframework.test.context.jdbc.SqlScriptsTestExecutionListener]
18:47:38.749 [Test worker] INFO org.springframework.boot.test.context.SpringBootTestContextBootstrapper - Using TestExecutionListeners: [org.springframework.test.context.web.ServletTestExecutionListener@cadd2b2, org.springframework.test.context.support.DirtiesContextBeforeModesTestExecutionListener@61aed94a, org.springframework.boot.test.mock.mockito.MockitoTestExecutionListener@1ce0d7e2, org.springframework.boot.test.autoconfigure.SpringBootDependencyInjectionTestExecutionListener@b5cd1df, org.springframework.test.context.support.DirtiesContextTestExecutionListener@6986ba44, org.springframework.test.context.transaction.TransactionalTestExecutionListener@7e755ab7, org.springframework.test.context.jdbc.SqlScriptsTestExecutionListener@6430dd5c, org.springframework.boot.test.autoconfigure.restdocs.RestDocsTestExecutionListener@98f3a2c, org.springframework.boot.test.autoconfigure.web.client.MockRestServiceServerResetTestExecutionListener@5587e5c3, org.springframework.boot.test.autoconfigure.web.servlet.MockMvcPrintOnlyOnFailureTestExecutionListener@173bd26, org.springframework.boot.test.autoconfigure.web.servlet.WebDriverTestExecutionListener@63cb4a69, org.springframework.boot.test.mock.mockito.ResetMocksTestExecutionListener@13655266]
18:47:38.762 [Test worker] DEBUG org.springframework.test.annotation.ProfileValueUtils - Retrieved @ProfileValueSourceConfiguration [null] for test class [com.tavisca.testcontainersexample.controller.PersonControllerTest]
18:47:38.765 [Test worker] DEBUG org.springframework.test.annotation.ProfileValueUtils - Retrieved ProfileValueSource type [class org.springframework.test.annotation.SystemProfileValueSource] for class [com.tavisca.testcontainersexample.controller.PersonControllerTest]
18:47:38.768 [Test worker] DEBUG org.springframework.test.annotation.ProfileValueUtils - Retrieved @ProfileValueSourceConfiguration [null] for test class [com.tavisca.testcontainersexample.controller.PersonControllerTest]
18:47:38.769 [Test worker] DEBUG org.springframework.test.annotation.ProfileValueUtils - Retrieved ProfileValueSource type [class org.springframework.test.annotation.SystemProfileValueSource] for class [com.tavisca.testcontainersexample.controller.PersonControllerTest]
18:47:38.872 [Test worker] DEBUG org.testcontainers.utility.TestcontainersConfiguration - Testcontainers configuration overrides will be loaded from file:/C:/Users/sraj/.testcontainers.properties
18:47:39.029 [Test worker] DEBUG org.springframework.test.annotation.ProfileValueUtils - Retrieved @ProfileValueSourceConfiguration [null] for test class [com.tavisca.testcontainersexample.controller.PersonControllerTest]
18:47:39.030 [Test worker] DEBUG org.springframework.test.annotation.ProfileValueUtils - Retrieved ProfileValueSource type [class org.springframework.test.annotation.SystemProfileValueSource] for class [com.tavisca.testcontainersexample.controller.PersonControllerTest]
18:47:39.165 [Test worker] INFO org.testcontainers.dockerclient.DockerClientProviderStrategy - Loaded org.testcontainers.dockerclient.NpipeSocketClientProviderStrategy from ~/.testcontainers.properties, will try it first
18:47:40.275 [ducttape-0] DEBUG org.testcontainers.dockerclient.DockerClientProviderStrategy - Pinging docker daemon...
18:47:41.413 [ducttape-0] DEBUG com.github.dockerjava.core.command.AbstrDockerCmd - Cmd: org.testcontainers.dockerclient.transport.okhttp.OkHttpDockerCmdExecFactory$1@2d239e4f
18:47:41.705 [Test worker] INFO org.testcontainers.dockerclient.NpipeSocketClientProviderStrategy - Accessing docker with local Npipe socket (npipe:////./pipe/docker_engine)
18:47:41.706 [Test worker] INFO org.testcontainers.dockerclient.DockerClientProviderStrategy - Found Docker environment with local Npipe socket (npipe:////./pipe/docker_engine)
18:47:41.706 [Test worker] DEBUG org.testcontainers.dockerclient.DockerClientProviderStrategy - Checking Docker OS type for local Npipe socket (npipe:////./pipe/docker_engine)
18:47:41.715 [Test worker] DEBUG com.github.dockerjava.core.command.AbstrDockerCmd - Cmd: com.github.dockerjava.core.exec.InfoCmdExec@321ae4b8
18:47:42.663 [Test worker] INFO org.testcontainers.DockerClientFactory - Docker host IP address is localhost
18:47:42.672 [Test worker] DEBUG com.github.dockerjava.core.command.AbstrDockerCmd - Cmd: com.github.dockerjava.core.exec.InfoCmdExec@61fc1bff
18:47:42.742 [Test worker] DEBUG com.github.dockerjava.core.command.AbstrDockerCmd - Cmd: com.github.dockerjava.core.exec.VersionCmdExec@3b0c9339
18:47:42.865 [Test worker] INFO org.testcontainers.DockerClientFactory - Connected to docker: 
  Server Version: 19.03.5
  API Version: 1.40
  Operating System: Docker Desktop
  Total Memory: 1980 MB
18:47:42.866 [Test worker] DEBUG org.testcontainers.DockerClientFactory - Ryuk is enabled
18:47:42.886 [Test worker] DEBUG com.github.dockerjava.core.command.AbstrDockerCmd - Cmd: ListImagesCmdImpl[imageNameFilter=quay.io/testcontainers/ryuk:0.2.3,showAll=false,filters=com.github.dockerjava.core.util.FiltersBuilder@0,execution=com.github.dockerjava.core.exec.ListImagesCmdExec@2883aaff]
18:47:43.268 [Test worker] DEBUG org.testcontainers.utility.RegistryAuthLocator - Looking up auth config for image: quay.io/testcontainers/ryuk:0.2.3
18:47:43.271 [Test worker] DEBUG org.testcontainers.utility.RegistryAuthLocator - RegistryAuthLocator has configFile: C:\Users\sraj\.docker\config.json (exists) and commandPathPrefix: 
18:47:43.307 [Test worker] DEBUG org.testcontainers.utility.RegistryAuthLocator - registryName [quay.io] for dockerImageName [quay.io/testcontainers/ryuk:0.2.3]
18:47:43.311 [Test worker] DEBUG org.testcontainers.utility.RegistryAuthLocator - Executing docker credential provider: docker-credential-desktop to locate auth config for: quay.io
18:47:43.383 [Test worker] DEBUG org.testcontainers.shaded.org.zeroturnaround.exec.ProcessExecutor - Executing [docker-credential-desktop, get].
18:47:43.602 [Test worker] DEBUG org.testcontainers.shaded.org.zeroturnaround.exec.ProcessExecutor - Started Process[pid=19040, exitValue="not exited"]
18:47:44.468 [WaitForProcess-Process[pid=19040, exitValue="not exited"]] DEBUG org.testcontainers.shaded.org.zeroturnaround.exec.WaitForProcess - Process[pid=19040, exitValue=1] stopped with exit code 1
18:47:44.482 [Test worker] DEBUG org.testcontainers.shaded.org.zeroturnaround.exec.ProcessExecutor - Executing [docker-credential-desktop, get].
18:47:44.654 [Test worker] DEBUG org.testcontainers.shaded.org.zeroturnaround.exec.ProcessExecutor - Started Process[pid=19272, exitValue="not exited"]
18:47:45.961 [WaitForProcess-Process[pid=19272, exitValue="not exited"]] DEBUG org.testcontainers.shaded.org.zeroturnaround.exec.WaitForProcess - Process[pid=19272, exitValue=1] stopped with exit code 1
18:47:45.964 [Test worker] DEBUG org.testcontainers.utility.RegistryAuthLocator - Got credentials not found error message from docker credential helper - credentials not found in native keychain
18:47:45.966 [Test worker] INFO org.testcontainers.utility.RegistryAuthLocator - Credential helper/store (docker-credential-desktop) does not have credentials for quay.io
18:47:45.969 [Test worker] DEBUG org.testcontainers.utility.RegistryAuthLocator - no matching Auth Configs - falling back to defaultAuthConfig [null]
18:47:45.969 [Test worker] DEBUG org.testcontainers.dockerclient.auth.AuthDelegatingDockerClientConfig - Effective auth config [null]
18:47:46.081 [Test worker] DEBUG com.github.dockerjava.core.command.AbstrDockerCmd - Cmd: com.github.dockerjava.core.command.CreateContainerCmdImpl@5e9d8718[name=testcontainers-ryuk-628375f2-a712-406c-ae02-21fd8bd830ca,hostName=<null>,domainName=<null>,user=<null>,attachStdin=<null>,attachStdout=<null>,attachStderr=<null>,portSpecs=<null>,tty=<null>,stdinOpen=<null>,stdInOnce=<null>,env=<null>,cmd=<null>,healthcheck=<null>,argsEscaped=<null>,entrypoint=<null>,image=quay.io/testcontainers/ryuk:0.2.3,volumes=com.github.dockerjava.api.model.Volumes@27690334,workingDir=<null>,macAddress=<null>,onBuild=<null>,networkDisabled=<null>,exposedPorts=com.github.dockerjava.api.model.ExposedPorts@2f665b91,stopSignal=<null>,stopTimeout=<null>,hostConfig=com.github.dockerjava.api.model.HostConfig@2a37c9a1[binds=com.github.dockerjava.api.model.Binds@a4b06fe,blkioWeight=<null>,blkioWeightDevice=<null>,blkioDeviceReadBps=<null>,blkioDeviceWriteBps=<null>,blkioDeviceReadIOps=<null>,blkioDeviceWriteIOps=<null>,memorySwappiness=<null>,nanoCPUs=<null>,capAdd=<null>,capDrop=<null>,containerIDFile=<null>,cpuPeriod=<null>,cpuRealtimePeriod=<null>,cpuRealtimeRuntime=<null>,cpuShares=<null>,cpuQuota=<null>,cpusetCpus=<null>,cpusetMems=<null>,devices=<null>,deviceCgroupRules=<null>,diskQuota=<null>,dns=<null>,dnsOptions=<null>,dnsSearch=<null>,extraHosts=<null>,groupAdd=<null>,ipcMode=<null>,cgroup=<null>,links=<null>,logConfig=<null>,lxcConf=<null>,memory=<null>,memorySwap=<null>,memoryReservation=<null>,kernelMemory=<null>,networkMode=<null>,oomKillDisable=<null>,init=<null>,autoRemove=true,oomScoreAdj=<null>,portBindings=<null>,privileged=false,publishAllPorts=true,readonlyRootfs=<null>,restartPolicy=<null>,ulimits=<null>,cpuCount=<null>,cpuPercent=<null>,ioMaximumIOps=<null>,ioMaximumBandwidth=<null>,volumesFrom=<null>,mounts=<null>,pidMode=<null>,isolation=<null>,securityOpts=<null>,storageOpt=<null>,cgroupParent=<null>,volumeDriver=<null>,shmSize=<null>,pidsLimit=<null>,runtime=<null>,tmpFs=<null>,utSMode=<null>,usernsMode=<null>,sysctls=<null>,consoleSize=<null>],labels={org.testcontainers=true},shell=<null>,networkingConfig=<null>,ipv4Address=<null>,ipv6Address=<null>,aliases=<null>,authConfig=<null>,execution=com.github.dockerjava.core.exec.CreateContainerCmdExec@6b95ad99]
18:47:47.045 [Test worker] DEBUG com.github.dockerjava.core.command.AbstrDockerCmd - Cmd: 7460f12b728288cf97b19e48005bcbb1ab974c0d700a89b580203c2cd43dfc0b,com.github.dockerjava.core.exec.StartContainerCmdExec@2856082d
18:47:50.493 [Test worker] DEBUG com.github.dockerjava.core.command.AbstrDockerCmd - Cmd: 7460f12b728288cf97b19e48005bcbb1ab974c0d700a89b580203c2cd43dfc0b,false,com.github.dockerjava.core.exec.InspectContainerCmdExec@4ebe9c14
18:47:50.495 [Test worker] DEBUG com.github.dockerjava.core.exec.InspectContainerCmdExec - GET: OkHttpWebTarget(okHttpClient=org.testcontainers.shaded.okhttp3.OkHttpClient@19ae72bc, baseUrl=http://docker.socket/, path=[/containers/7460f12b728288cf97b19e48005bcbb1ab974c0d700a89b580203c2cd43dfc0b/json], queryParams={})
18:47:51.417 [testcontainers-ryuk] DEBUG org.testcontainers.utility.ResourceReaper - Sending 'label=org.testcontainers%3Dtrue&label=org.testcontainers.sessionId%3D628375f2-a712-406c-ae02-21fd8bd830ca' to Ryuk
18:47:51.447 [testcontainers-ryuk] DEBUG org.testcontainers.utility.ResourceReaper - Received 'ACK' from Ryuk
18:47:51.447 [Test worker] INFO org.testcontainers.DockerClientFactory - Ryuk started - will monitor and terminate Testcontainers containers on JVM exit
18:47:51.448 [Test worker] DEBUG org.testcontainers.DockerClientFactory - Checks are enabled
18:47:51.448 [Test worker] INFO org.testcontainers.DockerClientFactory - Checking the system...
18:47:51.452 [Test worker] INFO org.testcontainers.DockerClientFactory - ?? Docker server version should be at least 1.6.0
18:47:51.462 [Test worker] DEBUG com.github.dockerjava.core.command.AbstrDockerCmd - Cmd: 7460f12b728288cf97b19e48005bcbb1ab974c0d700a89b580203c2cd43dfc0b,<null>,true,<null>,<null>,<null>,<null>,{df,-P},<null>,<null>,com.github.dockerjava.core.exec.ExecCreateCmdExec@41e76264
18:47:52.185 [tc-okhttp-stream-691793772] DEBUG com.github.dockerjava.core.command.ExecStartResultCallback - STDOUT: Filesystem           1024-blocks    Used Available Capacity Mounted on
overlay               61255652   6427396  51686924  11% /
tmpfs                    65536         0     65536   0% /dev
tmpfs                  1013980         0   1013980   0% /sys/fs/cgroup
shm                      65536         0     65536   0% /dev/shm
/dev/sda1             61255652   6427396  51686924  11% /etc/resolv.conf
/dev/sda1             61255652   6427396  51686924  11% /etc/hostname
/dev/sda1             61255652   6427396  51686924  11% /etc/hosts
tmpfs                   202796       860    201936   0% /run/docker.sock
tmpfs                  1013980         0   1013980   0% /proc/acpi
tmpfs                    65536         0     65536   0% /proc/kcore
tmpfs                    65536         0     65536   0% /proc/keys
tmpfs                    65536         0     65536   0% /proc/timer_list
tmpfs                    65536         0     65536   0% /proc/sched_debug
tmpfs                  1013980         0   1013980   0% /sys/firmware
18:47:52.423 [Test worker] INFO org.testcontainers.DockerClientFactory - ?? Docker environment should have more than 2GB free disk space
18:47:52.424 [Test worker] DEBUG com.github.dockerjava.core.command.AbstrDockerCmd - Cmd: ListImagesCmdImpl[imageNameFilter=<null>,showAll=false,filters=com.github.dockerjava.core.util.FiltersBuilder@0,execution=com.github.dockerjava.core.exec.ListImagesCmdExec@58a56799]
18:47:52.761 [Test worker] DEBUG org.testcontainers.images.AbstractImagePullPolicy - Using locally available and not pulling image: postgres:9.6.8
18:47:52.762 [Test worker] DEBUG docker[postgres:9.6.8] - Starting container: postgres:9.6.8
18:47:52.762 [Test worker] DEBUG docker[postgres:9.6.8] - Trying to start container: postgres:9.6.8
18:47:52.764 [Test worker] DEBUG docker[postgres:9.6.8] - Trying to start container: postgres:9.6.8 (attempt 1/1)
18:47:52.764 [Test worker] DEBUG docker[postgres:9.6.8] - Starting container: postgres:9.6.8
18:47:52.765 [Test worker] INFO docker[postgres:9.6.8] - Creating container for image: postgres:9.6.8
18:47:52.765 [Test worker] DEBUG org.testcontainers.utility.RegistryAuthLocator - Looking up auth config for image: postgres:9.6.8
18:47:52.766 [Test worker] DEBUG org.testcontainers.utility.RegistryAuthLocator - RegistryAuthLocator has configFile: C:\Users\sraj\.docker\config.json (exists) and commandPathPrefix: 
18:47:52.770 [Test worker] DEBUG org.testcontainers.utility.RegistryAuthLocator - registryName [index.docker.io] for dockerImageName [postgres:9.6.8]
18:47:52.771 [Test worker] DEBUG org.testcontainers.utility.RegistryAuthLocator - Executing docker credential provider: docker-credential-desktop to locate auth config for: index.docker.io
18:47:52.772 [Test worker] DEBUG org.testcontainers.shaded.org.zeroturnaround.exec.ProcessExecutor - Executing [docker-credential-desktop, get].
18:47:53.064 [Test worker] DEBUG org.testcontainers.shaded.org.zeroturnaround.exec.ProcessExecutor - Started Process[pid=20224, exitValue="not exited"]
18:47:54.097 [WaitForProcess-Process[pid=20224, exitValue="not exited"]] DEBUG org.testcontainers.shaded.org.zeroturnaround.exec.WaitForProcess - Process[pid=20224, exitValue=0] stopped with exit code 0
18:47:54.100 [Test worker] DEBUG org.testcontainers.utility.RegistryAuthLocator - Credential helper/store provided auth config for: index.docker.io
18:47:54.111 [Test worker] DEBUG org.testcontainers.utility.RegistryAuthLocator - found creds store auth config [AuthConfig{username=srshivamraj, password=hidden non-blank value, auth=blank, email=null, registryAddress=index.docker.io, registryToken=blank}]
18:47:54.112 [Test worker] DEBUG org.testcontainers.dockerclient.auth.AuthDelegatingDockerClientConfig - Effective auth config [AuthConfig{username=srshivamraj, password=hidden non-blank value, auth=blank, email=null, registryAddress=index.docker.io, registryToken=blank}]
18:47:54.142 [Test worker] DEBUG com.github.dockerjava.core.command.AbstrDockerCmd - Cmd: com.github.dockerjava.core.command.CreateContainerCmdImpl@66b8dac0[name=<null>,hostName=<null>,domainName=<null>,user=<null>,attachStdin=<null>,attachStdout=<null>,attachStderr=<null>,portSpecs=<null>,tty=<null>,stdinOpen=<null>,stdInOnce=<null>,env={POSTGRES_USER=root,POSTGRES_PASSWORD=root,POSTGRES_DB=test-db},cmd={postgres},healthcheck=<null>,argsEscaped=<null>,entrypoint=<null>,image=postgres:9.6.8,volumes=com.github.dockerjava.api.model.Volumes@2a34d44f,workingDir=<null>,macAddress=<null>,onBuild=<null>,networkDisabled=<null>,exposedPorts=com.github.dockerjava.api.model.ExposedPorts@26089f89,stopSignal=<null>,stopTimeout=<null>,hostConfig=com.github.dockerjava.api.model.HostConfig@790920ce[binds=com.github.dockerjava.api.model.Binds@59479bf5,blkioWeight=<null>,blkioWeightDevice=<null>,blkioDeviceReadBps=<null>,blkioDeviceWriteBps=<null>,blkioDeviceReadIOps=<null>,blkioDeviceWriteIOps=<null>,memorySwappiness=<null>,nanoCPUs=<null>,capAdd=<null>,capDrop=<null>,containerIDFile=<null>,cpuPeriod=<null>,cpuRealtimePeriod=<null>,cpuRealtimeRuntime=<null>,cpuShares=<null>,cpuQuota=<null>,cpusetCpus=<null>,cpusetMems=<null>,devices=<null>,deviceCgroupRules=<null>,diskQuota=<null>,dns=<null>,dnsOptions=<null>,dnsSearch=<null>,extraHosts={},groupAdd=<null>,ipcMode=<null>,cgroup=<null>,links=com.github.dockerjava.api.model.Links@55ddaa3e,logConfig=<null>,lxcConf=<null>,memory=<null>,memorySwap=<null>,memoryReservation=<null>,kernelMemory=<null>,networkMode=<null>,oomKillDisable=<null>,init=<null>,autoRemove=<null>,oomScoreAdj=<null>,portBindings={},privileged=<null>,publishAllPorts=true,readonlyRootfs=<null>,restartPolicy=<null>,ulimits=<null>,cpuCount=<null>,cpuPercent=<null>,ioMaximumIOps=<null>,ioMaximumBandwidth=<null>,volumesFrom={},mounts=<null>,pidMode=<null>,isolation=<null>,securityOpts=<null>,storageOpt=<null>,cgroupParent=<null>,volumeDriver=<null>,shmSize=<null>,pidsLimit=<null>,runtime=<null>,tmpFs=<null>,utSMode=<null>,usernsMode=<null>,sysctls=<null>,consoleSize=<null>],labels={org.testcontainers=true, org.testcontainers.sessionId=628375f2-a712-406c-ae02-21fd8bd830ca},shell=<null>,networkingConfig=<null>,ipv4Address=<null>,ipv6Address=<null>,aliases=<null>,authConfig=AuthConfig[username=srshivamraj,password=testpass,email=<null>,registryAddress=index.docker.io,auth=<null>,registrytoken=<null>,identitytoken=<null>,stackOrchestrator=<null>],execution=com.github.dockerjava.core.exec.CreateContainerCmdExec@7f4cabc]
18:47:54.477 [Test worker] INFO docker[postgres:9.6.8] - Starting container with ID: 548349af4145967e39811c44ea2c55495c78a6e1404ef5452054ce73fe1d42c2
18:47:54.478 [Test worker] DEBUG com.github.dockerjava.core.command.AbstrDockerCmd - Cmd: 548349af4145967e39811c44ea2c55495c78a6e1404ef5452054ce73fe1d42c2,com.github.dockerjava.core.exec.StartContainerCmdExec@6152c552
18:48:01.754 [Test worker] INFO docker[postgres:9.6.8] - Container postgres:9.6.8 is starting: 548349af4145967e39811c44ea2c55495c78a6e1404ef5452054ce73fe1d42c2
18:48:01.758 [Test worker] DEBUG com.github.dockerjava.core.command.AbstrDockerCmd - Cmd: 548349af4145967e39811c44ea2c55495c78a6e1404ef5452054ce73fe1d42c2,false,com.github.dockerjava.core.exec.InspectContainerCmdExec@4558580d
18:48:01.758 [Test worker] DEBUG com.github.dockerjava.core.exec.InspectContainerCmdExec - GET: OkHttpWebTarget(okHttpClient=org.testcontainers.shaded.okhttp3.OkHttpClient@19ae72bc, baseUrl=http://docker.socket/, path=[/containers/548349af4145967e39811c44ea2c55495c78a6e1404ef5452054ce73fe1d42c2/json], queryParams={})
18:48:02.131 [ducttape-0] DEBUG com.github.dockerjava.core.command.AbstrDockerCmd - Cmd: 548349af4145967e39811c44ea2c55495c78a6e1404ef5452054ce73fe1d42c2,false,com.github.dockerjava.core.exec.InspectContainerCmdExec@2e74dff4
18:48:02.134 [ducttape-0] DEBUG com.github.dockerjava.core.exec.InspectContainerCmdExec - GET: OkHttpWebTarget(okHttpClient=org.testcontainers.shaded.okhttp3.OkHttpClient@19ae72bc, baseUrl=http://docker.socket/, path=[/containers/548349af4145967e39811c44ea2c55495c78a6e1404ef5452054ce73fe1d42c2/json], queryParams={})
18:48:02.479 [Test worker] DEBUG org.testcontainers.containers.output.WaitingConsumer - STDOUT: The files belonging to this database system will be owned by user "postgres".
18:48:02.480 [Test worker] DEBUG org.testcontainers.containers.output.WaitingConsumer - STDOUT: selecting dynamic shared memory implementation ... posix
18:48:02.481 [Test worker] DEBUG org.testcontainers.containers.output.WaitingConsumer - STDOUT: selecting default shared_buffers ... 128MB
18:48:02.481 [Test worker] DEBUG org.testcontainers.containers.output.WaitingConsumer - STDOUT: selecting default max_connections ... 100
18:48:02.482 [Test worker] DEBUG org.testcontainers.containers.output.WaitingConsumer - STDOUT: creating subdirectories ... ok
18:48:02.484 [Test worker] DEBUG org.testcontainers.containers.output.WaitingConsumer - STDOUT: fixing permissions on existing directory /var/lib/postgresql/data ... ok
18:48:02.486 [Test worker] DEBUG org.testcontainers.containers.output.WaitingConsumer - STDOUT: 
18:48:02.495 [Test worker] DEBUG org.testcontainers.containers.output.WaitingConsumer - STDOUT: Data page checksums are disabled.
18:48:02.496 [Test worker] DEBUG org.testcontainers.containers.output.WaitingConsumer - STDOUT: 
18:48:02.498 [Test worker] DEBUG org.testcontainers.containers.output.WaitingConsumer - STDOUT: The default text search configuration will be set to "english".
18:48:02.499 [Test worker] DEBUG org.testcontainers.containers.output.WaitingConsumer - STDOUT: The default database encoding has accordingly been set to "UTF8".
18:48:02.499 [Test worker] DEBUG org.testcontainers.containers.output.WaitingConsumer - STDOUT: The database cluster will be initialized with locale "en_US.utf8".
18:48:02.501 [Test worker] DEBUG org.testcontainers.containers.output.WaitingConsumer - STDOUT: 
18:48:02.502 [Test worker] DEBUG org.testcontainers.containers.output.WaitingConsumer - STDOUT: This user must also own the server process.
18:48:05.964 [Test worker] DEBUG org.testcontainers.containers.output.WaitingConsumer - STDOUT: creating configuration files ... ok
18:48:10.362 [Test worker] DEBUG org.testcontainers.containers.output.WaitingConsumer - STDOUT: running bootstrap script ... ok
18:48:11.545 [Test worker] DEBUG org.testcontainers.containers.output.WaitingConsumer - STDOUT: performing post-bootstrap initialization ... ok
18:48:12.354 [Test worker] DEBUG org.testcontainers.containers.output.WaitingConsumer - STDOUT: Success. You can now start the database server using:
18:48:12.355 [Test worker] DEBUG org.testcontainers.containers.output.WaitingConsumer - STDERR: --auth-local and --auth-host, the next time you run initdb.
18:48:12.356 [Test worker] DEBUG org.testcontainers.containers.output.WaitingConsumer - STDERR: You can change this by editing pg_hba.conf or using the option -A, or
18:48:12.356 [Test worker] DEBUG org.testcontainers.containers.output.WaitingConsumer - STDERR: WARNING: enabling "trust" authentication for local connections
18:48:12.357 [Test worker] DEBUG org.testcontainers.containers.output.WaitingConsumer - STDERR: 
18:48:12.358 [Test worker] DEBUG org.testcontainers.containers.output.WaitingConsumer - STDOUT: 
18:48:12.358 [Test worker] DEBUG org.testcontainers.containers.output.WaitingConsumer - STDOUT:     pg_ctl -D /var/lib/postgresql/data -l logfile start
18:48:12.359 [Test worker] DEBUG org.testcontainers.containers.output.WaitingConsumer - STDOUT: 
18:48:12.360 [Test worker] DEBUG org.testcontainers.containers.output.WaitingConsumer - STDOUT: 
18:48:12.360 [Test worker] DEBUG org.testcontainers.containers.output.WaitingConsumer - STDOUT: syncing data to disk ... ok
18:48:12.483 [Test worker] DEBUG org.testcontainers.containers.output.WaitingConsumer - STDOUT: LOG:  MultiXact member wraparound protections are now enabled
18:48:12.484 [Test worker] DEBUG org.testcontainers.containers.output.WaitingConsumer - STDOUT: waiting for server to start....LOG:  database system was shut down at 2020-02-10 13:18:11 UTC
18:48:12.495 [Test worker] DEBUG org.testcontainers.containers.output.WaitingConsumer - STDOUT: LOG:  autovacuum launcher started
18:48:12.495 [Test worker] DEBUG org.testcontainers.containers.output.WaitingConsumer - STDOUT: LOG:  database system is ready to accept connections
18:48:13.413 [Test worker] DEBUG org.testcontainers.containers.output.WaitingConsumer - STDOUT: server started
18:48:13.414 [Test worker] DEBUG org.testcontainers.containers.output.WaitingConsumer - STDOUT:  done
18:48:14.034 [Test worker] DEBUG org.testcontainers.containers.output.WaitingConsumer - STDOUT: CREATE DATABASE
18:48:14.046 [Test worker] DEBUG org.testcontainers.containers.output.WaitingConsumer - STDOUT: 
18:48:14.193 [Test worker] DEBUG org.testcontainers.containers.output.WaitingConsumer - STDOUT: CREATE ROLE
18:48:14.204 [Test worker] DEBUG org.testcontainers.containers.output.WaitingConsumer - STDOUT: 
18:48:14.205 [Test worker] DEBUG org.testcontainers.containers.output.WaitingConsumer - STDOUT: /usr/local/bin/docker-entrypoint.sh: ignoring /docker-entrypoint-initdb.d/*
18:48:14.205 [Test worker] DEBUG org.testcontainers.containers.output.WaitingConsumer - STDOUT: 
18:48:14.206 [Test worker] DEBUG org.testcontainers.containers.output.WaitingConsumer - STDOUT: 
18:48:14.218 [Test worker] DEBUG org.testcontainers.containers.output.WaitingConsumer - STDOUT: waiting for server to shut down...LOG:  received fast shutdown request
18:48:14.219 [Test worker] DEBUG org.testcontainers.containers.output.WaitingConsumer - STDOUT: LOG:  aborting any active transactions
18:48:14.219 [Test worker] DEBUG org.testcontainers.containers.output.WaitingConsumer - STDOUT: LOG:  autovacuum launcher shutting down
18:48:14.231 [Test worker] DEBUG org.testcontainers.containers.output.WaitingConsumer - STDOUT: .LOG:  shutting down
18:48:14.279 [Test worker] DEBUG org.testcontainers.containers.output.WaitingConsumer - STDOUT: LOG:  database system is shut down
18:48:15.256 [Test worker] DEBUG org.testcontainers.containers.output.WaitingConsumer - STDOUT:  done
18:48:15.256 [Test worker] DEBUG org.testcontainers.containers.output.WaitingConsumer - STDOUT: 
18:48:15.257 [Test worker] DEBUG org.testcontainers.containers.output.WaitingConsumer - STDOUT: PostgreSQL init process complete; ready for start up.
18:48:15.258 [Test worker] DEBUG org.testcontainers.containers.output.WaitingConsumer - STDOUT: 
18:48:15.261 [Test worker] DEBUG org.testcontainers.containers.output.WaitingConsumer - STDOUT: server stopped
18:48:15.541 [Test worker] DEBUG org.testcontainers.containers.output.WaitingConsumer - STDERR: LOG:  database system was shut down at 2020-02-10 13:18:14 UTC
18:48:15.586 [Test worker] DEBUG org.testcontainers.containers.output.WaitingConsumer - STDERR: LOG:  MultiXact member wraparound protections are now enabled
18:48:15.597 [Test worker] DEBUG org.testcontainers.containers.output.WaitingConsumer - STDERR: LOG:  database system is ready to accept connections
18:48:15.601 [Test worker] INFO docker[postgres:9.6.8] - Container postgres:9.6.8 started in PT36.5506124S
18:48:15.621 [Test worker] DEBUG org.springframework.test.context.support.AbstractDirtiesContextTestExecutionListener - Before test class: context [DefaultTestContext@6678c283 testClass = PersonControllerTest, testInstance = [null], testMethod = [null], testException = [null], mergedContextConfiguration = [WebMergedContextConfiguration@7f90772f testClass = PersonControllerTest, locations = '{}', classes = '{class com.tavisca.testcontainersexample.TestApplication}', contextInitializerClasses = '[class com.tavisca.testcontainersexample.controller.AbstractIntegrationTest$Initializer]', activeProfiles = '{}', propertySourceLocations = '{}', propertySourceProperties = '{org.springframework.boot.test.context.SpringBootTestContextBootstrapper=true}', contextCustomizers = set[org.springframework.boot.test.autoconfigure.properties.PropertyMappingContextCustomizer@0, org.springframework.boot.test.autoconfigure.web.servlet.WebDriverContextCustomizerFactory$Customizer@1949c3ca, org.springframework.boot.test.context.filter.ExcludeFilterContextCustomizer@1478239, org.springframework.boot.test.json.DuplicateJsonObjectContextCustomizerFactory$DuplicateJsonObjectContextCustomizer@6de780aa, org.springframework.boot.test.mock.mockito.MockitoContextCustomizer@0, org.springframework.boot.test.web.client.TestRestTemplateContextCustomizer@4b2579a2], resourceBasePath = 'src/main/webapp', contextLoader = 'org.springframework.boot.test.context.SpringBootContextLoader', parent = [null]], attributes = map['org.springframework.test.context.web.ServletTestExecutionListener.activateListener' -> true]], class annotated with @DirtiesContext [false] with mode [null].
18:48:15.624 [Test worker] DEBUG org.springframework.test.annotation.ProfileValueUtils - Retrieved @ProfileValueSourceConfiguration [null] for test class [com.tavisca.testcontainersexample.controller.PersonControllerTest]
18:48:15.625 [Test worker] DEBUG org.springframework.test.annotation.ProfileValueUtils - Retrieved ProfileValueSource type [class org.springframework.test.annotation.SystemProfileValueSource] for class [com.tavisca.testcontainersexample.controller.PersonControllerTest]
18:48:15.729 [Test worker] DEBUG org.springframework.test.context.support.TestPropertySourceUtils - Adding inlined properties to environment: {spring.jmx.enabled=false, org.springframework.boot.test.context.SpringBootTestContextBootstrapper=true, server.port=-1}

  .   ____          _            __ _ _
 /\\ / ___'_ __ _ _(_)_ __  __ _ \ \ \ \
( ( )\___ | '_ | '_| | '_ \/ _` | \ \ \ \
 \\/  ___)| |_)| | | | | || (_| |  ) ) ) )
  '  |____| .__|_| |_|_| |_\__, | / / / /
 =========|_|==============|___/=/_/_/_/
 :: Spring Boot ::        (v2.1.0.RELEASE)

2020-02-10 18:48:19.690  INFO 2084 --- [    Test worker] c.t.t.controller.PersonControllerTest    : Starting PersonControllerTest on RENTLAPT0012 with PID 2084 (started by sraj in C:\Users\sraj\Desktop\reposetories\POC\poc-with-testcontainers)
2020-02-10 18:48:19.722  INFO 2084 --- [    Test worker] c.t.t.controller.PersonControllerTest    : No active profile set, falling back to default profiles: default
2020-02-10 18:48:25.241  INFO 2084 --- [    Test worker] .s.d.r.c.RepositoryConfigurationDelegate : Bootstrapping Spring Data repositories in DEFAULT mode.
2020-02-10 18:48:25.525  INFO 2084 --- [    Test worker] .s.d.r.c.RepositoryConfigurationDelegate : Finished Spring Data repository scanning in 246ms. Found 1 repository interfaces.
2020-02-10 18:48:27.857  INFO 2084 --- [    Test worker] trationDelegate$BeanPostProcessorChecker : Bean 'org.springframework.transaction.annotation.ProxyTransactionManagementConfiguration' of type [org.springframework.transaction.annotation.ProxyTransactionManagementConfiguration$$EnhancerBySpringCGLIB$$6d1bef2] is not eligible for getting processed by all BeanPostProcessors (for example: not eligible for auto-proxying)
2020-02-10 18:48:28.991  INFO 2084 --- [    Test worker] com.zaxxer.hikari.HikariDataSource       : HikariPool-1 - Starting...
2020-02-10 18:48:29.820  INFO 2084 --- [    Test worker] com.zaxxer.hikari.HikariDataSource       : HikariPool-1 - Start completed.
2020-02-10 18:48:34.499  INFO 2084 --- [    Test worker] liquibase.executor.jvm.JdbcExecutor      : SELECT COUNT(*) FROM public.databasechangeloglock
2020-02-10 18:48:34.608  INFO 2084 --- [    Test worker] liquibase.executor.jvm.JdbcExecutor      : CREATE TABLE public.databasechangeloglock (ID INTEGER NOT NULL, LOCKED BOOLEAN NOT NULL, LOCKGRANTED TIMESTAMP WITHOUT TIME ZONE, LOCKEDBY VARCHAR(255), CONSTRAINT DATABASECHANGELOGLOCK_PKEY PRIMARY KEY (ID))
2020-02-10 18:48:34.666  INFO 2084 --- [    Test worker] liquibase.executor.jvm.JdbcExecutor      : SELECT COUNT(*) FROM public.databasechangeloglock
2020-02-10 18:48:34.678  INFO 2084 --- [    Test worker] liquibase.executor.jvm.JdbcExecutor      : DELETE FROM public.databasechangeloglock
2020-02-10 18:48:34.683  INFO 2084 --- [    Test worker] liquibase.executor.jvm.JdbcExecutor      : INSERT INTO public.databasechangeloglock (ID, LOCKED) VALUES (1, FALSE)
2020-02-10 18:48:34.704  INFO 2084 --- [    Test worker] liquibase.executor.jvm.JdbcExecutor      : SELECT LOCKED FROM public.databasechangeloglock WHERE ID=1
2020-02-10 18:48:34.735  INFO 2084 --- [    Test worker] l.lockservice.StandardLockService        : Successfully acquired change log lock
2020-02-10 18:48:39.562  INFO 2084 --- [    Test worker] l.c.StandardChangeLogHistoryService      : Creating database history table with name: public.databasechangelog
2020-02-10 18:48:39.569  INFO 2084 --- [    Test worker] liquibase.executor.jvm.JdbcExecutor      : CREATE TABLE public.databasechangelog (ID VARCHAR(255) NOT NULL, AUTHOR VARCHAR(255) NOT NULL, FILENAME VARCHAR(255) NOT NULL, DATEEXECUTED TIMESTAMP WITHOUT TIME ZONE NOT NULL, ORDEREXECUTED INTEGER NOT NULL, EXECTYPE VARCHAR(10) NOT NULL, MD5SUM VARCHAR(35), DESCRIPTION VARCHAR(255), COMMENTS VARCHAR(255), TAG VARCHAR(255), LIQUIBASE VARCHAR(20), CONTEXTS VARCHAR(255), LABELS VARCHAR(255), DEPLOYMENT_ID VARCHAR(10))
2020-02-10 18:48:40.056  INFO 2084 --- [    Test worker] liquibase.executor.jvm.JdbcExecutor      : SELECT COUNT(*) FROM public.databasechangelog
2020-02-10 18:48:40.132  INFO 2084 --- [    Test worker] l.c.StandardChangeLogHistoryService      : Reading from public.databasechangelog
2020-02-10 18:48:40.134  INFO 2084 --- [    Test worker] liquibase.executor.jvm.JdbcExecutor      : SELECT * FROM public.databasechangelog ORDER BY DATEEXECUTED ASC, ORDEREXECUTED ASC
2020-02-10 18:48:40.171  INFO 2084 --- [    Test worker] liquibase.executor.jvm.JdbcExecutor      : SELECT COUNT(*) FROM public.databasechangeloglock
2020-02-10 18:48:40.203  INFO 2084 --- [    Test worker] liquibase.executor.jvm.JdbcExecutor      : CREATE TABLE public.person (id VARCHAR(255) NOT NULL, name VARCHAR(255), CONSTRAINT PERSON_PKEY PRIMARY KEY (id))
2020-02-10 18:48:40.430  INFO 2084 --- [    Test worker] liquibase.changelog.ChangeSet            : Table person created
2020-02-10 18:48:40.477  INFO 2084 --- [    Test worker] liquibase.changelog.ChangeSet            : ChangeSet classpath:/db/changelog/db.changelog-master.yaml::1::sraj ran successfully in 276ms
2020-02-10 18:48:40.479  INFO 2084 --- [    Test worker] liquibase.executor.jvm.JdbcExecutor      : SELECT MAX(ORDEREXECUTED) FROM public.databasechangelog
2020-02-10 18:48:40.502  INFO 2084 --- [    Test worker] liquibase.executor.jvm.JdbcExecutor      : INSERT INTO public.databasechangelog (ID, AUTHOR, FILENAME, DATEEXECUTED, ORDEREXECUTED, MD5SUM, DESCRIPTION, COMMENTS, EXECTYPE, CONTEXTS, LABELS, LIQUIBASE, DEPLOYMENT_ID) VALUES ('1', 'sraj', 'classpath:/db/changelog/db.changelog-master.yaml', NOW(), 1, '8:b553fe8a068d755cb2354f3bd7741111', 'createTable tableName=person', '', 'EXECUTED', NULL, NULL, '3.6.2', '1340720176')
2020-02-10 18:48:40.583  INFO 2084 --- [    Test worker] l.lockservice.StandardLockService        : Successfully released change log lock
2020-02-10 18:48:41.632  INFO 2084 --- [    Test worker] o.hibernate.jpa.internal.util.LogHelper  : HHH000204: Processing PersistenceUnitInfo [name: default]
2020-02-10 18:48:42.061  INFO 2084 --- [    Test worker] org.hibernate.Version                    : HHH000412: Hibernate Core {5.4.2.Final}
2020-02-10 18:48:42.774  INFO 2084 --- [    Test worker] o.hibernate.annotations.common.Version   : HCANN000001: Hibernate Commons Annotations {5.1.0.Final}
2020-02-10 18:48:43.664  INFO 2084 --- [    Test worker] org.hibernate.dialect.Dialect            : HHH000400: Using dialect: org.hibernate.dialect.PostgreSQLDialect
2020-02-10 18:48:45.559  WARN 2084 --- [    Test worker] org.hibernate.id.UUIDHexGenerator        : HHH000409: Using org.hibernate.id.UUIDHexGenerator which does not generate IETF RFC 4122 compliant UUID values; consider using org.hibernate.id.UUIDGenerator instead
2020-02-10 18:48:47.938  INFO 2084 --- [    Test worker] o.h.e.t.j.p.i.JtaPlatformInitiator       : HHH000490: Using JtaPlatform implementation: [org.hibernate.engine.transaction.jta.platform.internal.NoJtaPlatform]
2020-02-10 18:48:47.951  INFO 2084 --- [    Test worker] j.LocalContainerEntityManagerFactoryBean : Initialized JPA EntityManagerFactory for persistence unit 'default'
2020-02-10 18:48:53.749  INFO 2084 --- [    Test worker] o.s.s.concurrent.ThreadPoolTaskExecutor  : Initializing ExecutorService 'applicationTaskExecutor'
2020-02-10 18:48:54.323  WARN 2084 --- [    Test worker] aWebConfiguration$JpaWebMvcConfiguration : spring.jpa.open-in-view is enabled by default. Therefore, database queries may be performed during view rendering. Explicitly configure spring.jpa.open-in-view to disable this warning
2020-02-10 18:48:57.377  INFO 2084 --- [    Test worker] c.t.t.controller.PersonControllerTest    : Started PersonControllerTest in 41.591 seconds (JVM running for 87.116)
2020-02-10 18:48:58.250  INFO 2084 --- [    Test worker] o.s.b.t.m.w.SpringBootMockServletContext : Initializing Spring TestDispatcherServlet ''
2020-02-10 18:48:58.256  INFO 2084 --- [    Test worker] o.s.t.web.servlet.TestDispatcherServlet  : Initializing Servlet ''
2020-02-10 18:48:58.397  INFO 2084 --- [    Test worker] o.s.t.web.servlet.TestDispatcherServlet  : Completed initialization in 138 ms
com.tavisca.testcontainersexample.model.Person@7b2c01ebcom.tavisca.testcontainersexample.model.Person@7987c544
]]></system-out>
  <system-err><![CDATA[]]></system-err>
</testsuite>
